<?xml version="1.0" encoding="UTF-8"?>
<testng-results ignored="0" total="1" passed="1" failed="0" skipped="0">
  <reporter-output>
  </reporter-output>
  <suite started-at="2021-06-18T10:14:59 IST" name="Default suite" finished-at="2021-06-18T10:15:40 IST" duration-ms="41218">
    <groups>
    </groups>
    <test started-at="2021-06-18T10:14:59 IST" name="Default test" finished-at="2021-06-18T10:15:40 IST" duration-ms="41218">
      <class name="E2Eflow.AddCustomer">
        <test-method signature="newCustomer()[pri:0, instance:E2Eflow.AddCustomer@21ba0741]" started-at="2021-06-18T10:14:59 IST" name="newCustomer" finished-at="2021-06-18T10:15:40 IST" duration-ms="41163" status="PASS">
          <reporter-output>
          </reporter-output>
        </test-method> <!-- newCustomer -->
      </class> <!-- E2Eflow.AddCustomer -->
    </test> <!-- Default test -->
  </suite> <!-- Default suite -->
</testng-results>
